2025-10-14 19:34:54.298-03:00 INFO  c.m.a.a.i.c.ConfigurationBuilder - Some telemetry may be sampled out because a default sampling configuration was added in version 3.4.0 to reduce the default billing cost. You can set the sampling configuration explicitly: https://learn.microsoft.com/azure/azure-monitor/app/java-standalone-config#sampling
2025-10-14 19:34:54.602-03:00 ERROR c.m.applicationinsights.agent - 
*************************
Application Insights Java Agent 3.7.5 startup failed (PID 35392)
*************************

Description:
No connection string provided

Action:
Please provide connection string: https://go.microsoft.com/fwlink/?linkid=2153358

2025-10-14 19:34:54.637-03:00 WARN  c.m.a.a.i.c.BytecodeUtilImpl - Using com.microsoft.applicationinsights.connectionstring.ConnectionString.configure() requires setting the json configuration property "connectionStringConfiguredAtRuntime" to true
2025-10-14 19:34:54.836-03:00 WARN  c.m.a.a.i.c.BytecodeUtilImpl - Using com.microsoft.applicationinsights.connectionstring.ConnectionString.configure() requires setting the json configuration property "connectionStringConfiguredAtRuntime" to true
2025-10-14 19:41:21.247-03:00 INFO  c.m.a.a.i.c.ConfigurationBuilder - Some telemetry may be sampled out because a default sampling configuration was added in version 3.4.0 to reduce the default billing cost. You can set the sampling configuration explicitly: https://learn.microsoft.com/azure/azure-monitor/app/java-standalone-config#sampling
2025-10-14 19:41:21.601-03:00 ERROR c.m.applicationinsights.agent - 
*************************
Application Insights Java Agent 3.7.4 startup failed (PID 19536)
*************************

Description:
No connection string provided

Action:
Please provide connection string: https://go.microsoft.com/fwlink/?linkid=2153358

2025-10-14 19:41:21.663-03:00 WARN  c.m.a.a.i.c.BytecodeUtilImpl - Using com.microsoft.applicationinsights.connectionstring.ConnectionString.configure() requires setting the json configuration property "connectionStringConfiguredAtRuntime" to true
2025-10-14 19:41:21.834-03:00 WARN  c.m.a.a.i.c.BytecodeUtilImpl - Using com.microsoft.applicationinsights.connectionstring.ConnectionString.configure() requires setting the json configuration property "connectionStringConfiguredAtRuntime" to true
